# JRE version: OpenJDK Runtime Environment Corretto-17.0.10.7.1 (17.0.10+7) (build 17.0.10+7-LTS)
# Java VM: OpenJDK 64-Bit Server VM Corretto-17.0.10.7.1 (17.0.10+7-LTS, mixed mode, sharing, tiered, compressed oops, compressed class ptrs, g1 gc, linux-amd64)
GC Precious Log:
 CPUs: 4 total, 4 available
 Memory: 3798M
 Large Page Support: Disabled
 NUMA Support: Disabled
 Compressed Oops: Enabled (32-bit)
 Heap Region Size: 1M
 Heap Min Capacity: 8M
 Heap Initial Capacity: 60M
 Heap Max Capacity: 950M
 Pre-touch: Disabled
 Parallel Workers: 4
 Concurrent Workers: 1
 Concurrent Refinement Workers: 4
 Periodic GC: Disabled
Heap:
 garbage-first heap   total 78848K, used 45427K [0x00000000c4a00000, 0x0000000100000000)
  region size 1024K, 19 young (19456K), 3 survivors (3072K)
 Metaspace       used 53677K, committed 53952K, reserved 1114112K
  class space    used 6715K, committed 6848K, reserved 1048576K
GC Heap History (20 events):
Event: 3.596 GC heap before
{Heap before GC invocations=11 (full 0):
 garbage-first heap   total 70656K, used 40308K [0x00000000c4a00000, 0x0000000100000000)
  region size 1024K, 2 young (2048K), 1 survivors (1024K)
 Metaspace       used 10939K, committed 11200K, reserved 1114112K
  class space    used 1490K, committed 1600K, reserved 1048576K
}
Event: 3.597 GC heap after
{Heap after GC invocations=12 (full 0):
 garbage-first heap   total 70656K, used 40338K [0x00000000c4a00000, 0x0000000100000000)
  region size 1024K, 1 young (1024K), 1 survivors (1024K)
 Metaspace       used 10939K, committed 11200K, reserved 1114112K
  class space    used 1490K, committed 1600K, reserved 1048576K
}
Event: 4.703 GC heap before
{Heap before GC invocations=13 (full 0):
 garbage-first heap   total 75776K, used 54674K [0x00000000c4a00000, 0x0000000100000000)
  region size 1024K, 15 young (15360K), 1 survivors (1024K)
 Metaspace       used 15508K, committed 15744K, reserved 1114112K
  class space    used 2328K, committed 2432K, reserved 1048576K
}
Event: 4.708 GC heap after
{Heap after GC invocations=14 (full 0):
 garbage-first heap   total 75776K, used 42819K [0x00000000c4a00000, 0x0000000100000000)
  region size 1024K, 2 young (2048K), 2 survivors (2048K)
 Metaspace       used 15508K, committed 15744K, reserved 1114112K
  class space    used 2328K, committed 2432K, reserved 1048576K
}
Event: 6.699 GC heap before
{Heap before GC invocations=14 (full 0):
 garbage-first heap   total 75776K, used 43843K [0x00000000c4a00000, 0x0000000100000000)
  region size 1024K, 4 young (4096K), 2 survivors (2048K)
 Metaspace       used 16058K, committed 16320K, reserved 1114112K
  class space    used 2361K, committed 2496K, reserved 1048576K
}
Event: 6.709 GC heap after
{Heap after GC invocations=15 (full 0):
 garbage-first heap   total 75776K, used 43041K [0x00000000c4a00000, 0x0000000100000000)
  region size 1024K, 2 young (2048K), 2 survivors (2048K)
 Metaspace       used 16058K, committed 16320K, reserved 1114112K
  class space    used 2361K, committed 2496K, reserved 1048576K
}
Event: 7.679 GC heap before
{Heap before GC invocations=16 (full 0):
 garbage-first heap   total 78848K, used 61473K [0x00000000c4a00000, 0x0000000100000000)
  region size 1024K, 19 young (19456K), 2 survivors (2048K)
 Metaspace       used 24983K, committed 25216K, reserved 1114112K
  class space    used 3476K, committed 3584K, reserved 1048576K
}
Event: 7.687 GC heap after
{Heap after GC invocations=17 (full 0):
 garbage-first heap   total 78848K, used 46980K [0x00000000c4a00000, 0x0000000100000000)
  region size 1024K, 3 young (3072K), 3 survivors (3072K)
 Metaspace       used 24983K, committed 25216K, reserved 1114112K
  class space    used 3476K, committed 3584K, reserved 1048576K
}
Event: 7.721 GC heap before
{Heap before GC invocations=17 (full 0):
 garbage-first heap   total 78848K, used 48004K [0x00000000c4a00000, 0x0000000100000000)
  region size 1024K, 4 young (4096K), 3 survivors (3072K)
 Metaspace       used 25177K, committed 25408K, reserved 1114112K
  class space    used 3531K, committed 3648K, reserved 1048576K
}
Event: 7.732 GC heap after
{Heap after GC invocations=18 (full 0):
 garbage-first heap   total 78848K, used 47358K [0x00000000c4a00000, 0x0000000100000000)
  region size 1024K, 1 young (1024K), 1 survivors (1024K)
 Metaspace       used 25177K, committed 25408K, reserved 1114112K
  class space    used 3531K, committed 3648K, reserved 1048576K
}
Event: 8.363 GC heap before
{Heap before GC invocations=18 (full 0):
 garbage-first heap   total 78848K, used 61694K [0x00000000c4a00000, 0x0000000100000000)
  region size 1024K, 15 young (15360K), 1 survivors (1024K)
 Metaspace       used 26155K, committed 26368K, reserved 1114112K
  class space    used 3633K, committed 3712K, reserved 1048576K
}
Event: 8.375 GC heap after
{Heap after GC invocations=19 (full 0):
 garbage-first heap   total 78848K, used 51560K [0x00000000c4a00000, 0x0000000100000000)
  region size 1024K, 2 young (2048K), 2 survivors (2048K)
 Metaspace       used 26155K, committed 26368K, reserved 1114112K
  class space    used 3633K, committed 3712K, reserved 1048576K
}
Event: 10.631 GC heap before
{Heap before GC invocations=20 (full 0):
 garbage-first heap   total 78848K, used 31080K [0x00000000c4a00000, 0x0000000100000000)
  region size 1024K, 12 young (12288K), 2 survivors (2048K)
 Metaspace       used 29501K, committed 29760K, reserved 1114112K
  class space    used 4115K, committed 4224K, reserved 1048576K
}
Event: 10.646 GC heap after
{Heap after GC invocations=21 (full 0):
 garbage-first heap   total 78848K, used 23437K [0x00000000c4a00000, 0x0000000100000000)
  region size 1024K, 2 young (2048K), 2 survivors (2048K)
 Metaspace       used 29501K, committed 29760K, reserved 1114112K
  class space    used 4115K, committed 4224K, reserved 1048576K
}
Event: 11.422 GC heap before
{Heap before GC invocations=21 (full 0):
 garbage-first heap   total 78848K, used 52109K [0x00000000c4a00000, 0x0000000100000000)
  region size 1024K, 31 young (31744K), 2 survivors (2048K)
 Metaspace       used 34233K, committed 34496K, reserved 1114112K
  class space    used 4652K, committed 4800K, reserved 1048576K
}
Event: 11.428 GC heap after
{Heap after GC invocations=22 (full 0):
 garbage-first heap   total 78848K, used 24604K [0x00000000c4a00000, 0x0000000100000000)
  region size 1024K, 3 young (3072K), 3 survivors (3072K)
 Metaspace       used 34233K, committed 34496K, reserved 1114112K
  class space    used 4652K, committed 4800K, reserved 1048576K
}
Event: 12.558 GC heap before
{Heap before GC invocations=22 (full 0):
 garbage-first heap   total 78848K, used 57372K [0x00000000c4a00000, 0x0000000100000000)
  region size 1024K, 36 young (36864K), 3 survivors (3072K)
 Metaspace       used 43671K, committed 43968K, reserved 1114112K
  class space    used 5500K, committed 5632K, reserved 1048576K
}
Event: 12.568 GC heap after
{Heap after GC invocations=23 (full 0):
 garbage-first heap   total 78848K, used 26634K [0x00000000c4a00000, 0x0000000100000000)
  region size 1024K, 5 young (5120K), 5 survivors (5120K)
 Metaspace       used 43671K, committed 43968K, reserved 1114112K
  class space    used 5500K, committed 5632K, reserved 1048576K
}
Event: 12.641 GC heap before
{Heap before GC invocations=23 (full 0):
 garbage-first heap   total 78848K, used 28682K [0x00000000c4a00000, 0x0000000100000000)
  region size 1024K, 8 young (8192K), 5 survivors (5120K)
 Metaspace       used 44407K, committed 44608K, reserved 1114112K
  class space    used 5597K, committed 5696K, reserved 1048576K
}
Event: 12.648 GC heap after
{Heap after GC invocations=24 (full 0):
 garbage-first heap   total 78848K, used 26995K [0x00000000c4a00000, 0x0000000100000000)
  region size 1024K, 3 young (3072K), 3 survivors (3072K)
 Metaspace       used 44407K, committed 44608K, reserved 1114112K
  class space    used 5597K, committed 5696K, reserved 1048576K
}

